<?xml version="1.0" encoding="UTF-8"?>
<testng-results skipped="0" failed="0" total="1" passed="1">
  <reporter-output>
  </reporter-output>
  <suite name="Default suite" duration-ms="4517" started-at="2021-08-19T05:06:16Z" finished-at="2021-08-19T05:06:21Z">
    <groups>
    </groups>
    <test name="Default test" duration-ms="4517" started-at="2021-08-19T05:06:16Z" finished-at="2021-08-19T05:06:21Z">
      <class name="TestCases.PostRequest">
        <test-method status="PASS" signature="setUp()[pri:0, instance:TestCases.PostRequest@6833ce2c]" name="setUp" is-config="true" duration-ms="4493" started-at="2021-08-19T10:36:16Z" finished-at="2021-08-19T10:36:21Z">
          <reporter-output>
          </reporter-output>
        </test-method> <!-- setUp -->
        <test-method status="PASS" signature="test()[pri:0, instance:TestCases.PostRequest@6833ce2c]" name="test" duration-ms="10" started-at="2021-08-19T10:36:21Z" finished-at="2021-08-19T10:36:21Z">
          <reporter-output>
          </reporter-output>
        </test-method> <!-- test -->
      </class> <!-- TestCases.PostRequest -->
    </test> <!-- Default test -->
  </suite> <!-- Default suite -->
</testng-results>
